TpTrace Verbose: 0 : 9488, 1, 2021/06/22, 22:45:40.510, 966089303863, vstest.console.dll, Version: 16.9.1
TpTrace Information: 0 : 9488, 1, 2021/06/22, 22:45:40.521, 966089403588, vstest.console.dll, FilePatternParser: The given file C:\Users\Apa\source\repos\DesignPatternsPlayground\DesignPatternsPlaygroundTest\bin\Debug\net5.0\fine-code-coverage\build-output\DesignPatternsPlaygroundTest.dll is a full path.
TpTrace Verbose: 0 : 9488, 1, 2021/06/22, 22:45:40.529, 966089481156, vstest.console.dll, TestPluginCache.DiscoverTestExtensions: finding test extensions in assemblies ends with: RuntimeProvider.dll TPluginInfo: Microsoft.VisualStudio.TestPlatform.Common.ExtensionFramework.Utilities.TestRuntimePluginInformation TExtension: Microsoft.VisualStudio.TestPlatform.ObjectModel.Host.ITestRuntimeProvider
TpTrace Verbose: 0 : 9488, 1, 2021/06/22, 22:45:40.529, 966089486401, vstest.console.dll, TestPluginCache.GetExtensionPaths: Filtered extension paths: 
TpTrace Verbose: 0 : 9488, 1, 2021/06/22, 22:45:40.529, 966089487539, vstest.console.dll, TestPluginCache.GetExtensionPaths: Added default extension paths: C:\Program Files\dotnet\sdk\5.0.201\Extensions\Microsoft.Diagnostics.NETCore.Client.dll
C:\Program Files\dotnet\sdk\5.0.201\Extensions\Microsoft.TestPlatform.Extensions.BlameDataCollector.dll
C:\Program Files\dotnet\sdk\5.0.201\Extensions\Microsoft.TestPlatform.Extensions.EventLogCollector.dll
C:\Program Files\dotnet\sdk\5.0.201\Extensions\Microsoft.TestPlatform.TestHostRuntimeProvider.dll
C:\Program Files\dotnet\sdk\5.0.201\Extensions\Microsoft.VisualStudio.TestPlatform.Extensions.Html.TestLogger.dll
C:\Program Files\dotnet\sdk\5.0.201\Extensions\Microsoft.VisualStudio.TestPlatform.Extensions.Trx.TestLogger.dll
TpTrace Verbose: 0 : 9488, 1, 2021/06/22, 22:45:40.529, 966089488107, vstest.console.dll, TestPluginCache.GetExtensionPaths: Added unfilterableExtensionPaths: 
TpTrace Information: 0 : 9488, 1, 2021/06/22, 22:45:40.530, 966089497310, vstest.console.dll, AssemblyResolver.ctor: Creating AssemblyResolver with searchDirectories C:\Program Files\dotnet\sdk\5.0.201\Extensions,C:\Program Files\dotnet\sdk\5.0.201
TpTrace Verbose: 0 : 9488, 1, 2021/06/22, 22:45:40.531, 966089508133, vstest.console.dll, TestPluginCache.DiscoverTestExtensions: Discovering the extensions using extension path.
TpTrace Verbose: 0 : 9488, 1, 2021/06/22, 22:45:40.532, 966089509317, vstest.console.dll, TestPluginCache.GetExtensionPaths: Filtered extension paths: 
TpTrace Verbose: 0 : 9488, 1, 2021/06/22, 22:45:40.532, 966089509948, vstest.console.dll, TestPluginCache.GetExtensionPaths: Added default extension paths: C:\Program Files\dotnet\sdk\5.0.201\Extensions\Microsoft.Diagnostics.NETCore.Client.dll
C:\Program Files\dotnet\sdk\5.0.201\Extensions\Microsoft.TestPlatform.Extensions.BlameDataCollector.dll
C:\Program Files\dotnet\sdk\5.0.201\Extensions\Microsoft.TestPlatform.Extensions.EventLogCollector.dll
C:\Program Files\dotnet\sdk\5.0.201\Extensions\Microsoft.TestPlatform.TestHostRuntimeProvider.dll
C:\Program Files\dotnet\sdk\5.0.201\Extensions\Microsoft.VisualStudio.TestPlatform.Extensions.Html.TestLogger.dll
C:\Program Files\dotnet\sdk\5.0.201\Extensions\Microsoft.VisualStudio.TestPlatform.Extensions.Trx.TestLogger.dll
TpTrace Verbose: 0 : 9488, 1, 2021/06/22, 22:45:40.532, 966089510532, vstest.console.dll, TestPluginCache.GetExtensionPaths: Added unfilterableExtensionPaths: 
TpTrace Verbose: 0 : 9488, 1, 2021/06/22, 22:45:40.532, 966089511409, vstest.console.dll, TestPluginCache.DiscoverTestExtensions: Discovering the extensions using allExtensionPaths: C:\Program Files\dotnet\sdk\5.0.201\Extensions\Microsoft.Diagnostics.NETCore.Client.dll
C:\Program Files\dotnet\sdk\5.0.201\Extensions\Microsoft.TestPlatform.Extensions.BlameDataCollector.dll
C:\Program Files\dotnet\sdk\5.0.201\Extensions\Microsoft.TestPlatform.Extensions.EventLogCollector.dll
C:\Program Files\dotnet\sdk\5.0.201\Extensions\Microsoft.TestPlatform.TestHostRuntimeProvider.dll
C:\Program Files\dotnet\sdk\5.0.201\Extensions\Microsoft.VisualStudio.TestPlatform.Extensions.Html.TestLogger.dll
C:\Program Files\dotnet\sdk\5.0.201\Extensions\Microsoft.VisualStudio.TestPlatform.Extensions.Trx.TestLogger.dll
TpTrace Information: 0 : 9488, 1, 2021/06/22, 22:45:40.532, 966089513040, vstest.console.dll, AssemblyResolver.AddSearchDirectories: Adding more searchDirectories C:\Program Files\dotnet\sdk\5.0.201\Extensions,C:\Program Files\dotnet\sdk\5.0.201
TpTrace Information: 0 : 9488, 1, 2021/06/22, 22:45:40.532, 966089513952, vstest.console.dll, AssemblyResolver.AddSearchDirectories: Adding more searchDirectories C:\Program Files\dotnet\sdk\5.0.201\Extensions,C:\Program Files\dotnet\sdk\5.0.201
TpTrace Information: 0 : 9488, 1, 2021/06/22, 22:45:40.532, 966089514611, vstest.console.dll, AssemblyResolver.AddSearchDirectories: Adding more searchDirectories C:\Program Files\dotnet\sdk\5.0.201\Extensions,C:\Program Files\dotnet\sdk\5.0.201
TpTrace Information: 0 : 9488, 1, 2021/06/22, 22:45:40.532, 966089515168, vstest.console.dll, AssemblyResolver.AddSearchDirectories: Adding more searchDirectories C:\Program Files\dotnet\sdk\5.0.201\Extensions,C:\Program Files\dotnet\sdk\5.0.201
TpTrace Information: 0 : 9488, 1, 2021/06/22, 22:45:40.532, 966089515778, vstest.console.dll, AssemblyResolver.AddSearchDirectories: Adding more searchDirectories C:\Program Files\dotnet\sdk\5.0.201\Extensions,C:\Program Files\dotnet\sdk\5.0.201
TpTrace Information: 0 : 9488, 1, 2021/06/22, 22:45:40.532, 966089516533, vstest.console.dll, AssemblyResolver.AddSearchDirectories: Adding more searchDirectories C:\Program Files\dotnet\sdk\5.0.201\Extensions,C:\Program Files\dotnet\sdk\5.0.201
TpTrace Information: 0 : 9488, 1, 2021/06/22, 22:45:40.533, 966089520234, vstest.console.dll, AssemblyResolver.OnResolve: Microsoft.Diagnostics.NETCore.Client: Resolving assembly.
TpTrace Information: 0 : 9488, 1, 2021/06/22, 22:45:40.534, 966089532936, vstest.console.dll, AssemblyResolver.OnResolve: Resolved assembly: Microsoft.Diagnostics.NETCore.Client, from path: C:\Program Files\dotnet\sdk\5.0.201\Extensions\Microsoft.Diagnostics.NETCore.Client.dll
TpTrace Information: 0 : 9488, 1, 2021/06/22, 22:45:40.537, 966089566289, vstest.console.dll, AssemblyResolver.OnResolve: Microsoft.Bcl.AsyncInterfaces: Resolving assembly.
TpTrace Information: 0 : 9488, 1, 2021/06/22, 22:45:40.538, 966089568708, vstest.console.dll, AssemblyResolver.OnResolve: Microsoft.Bcl.AsyncInterfaces: Failed to load assembly.
TpTrace Verbose: 0 : 9488, 1, 2021/06/22, 22:45:40.538, 966089569446, vstest.console.dll, CurrentDomain_AssemblyResolve: Resolving assembly 'Microsoft.Bcl.AsyncInterfaces'.
TpTrace Information: 0 : 9488, 1, 2021/06/22, 22:45:40.538, 966089570331, vstest.console.dll, AssemblyResolver.OnResolve: Microsoft.Bcl.AsyncInterfaces: Resolving assembly.
TpTrace Information: 0 : 9488, 1, 2021/06/22, 22:45:40.538, 966089570925, vstest.console.dll, AssemblyResolver.OnResolve: Microsoft.Bcl.AsyncInterfaces: Resolved from cache.
TpTrace Verbose: 0 : 9488, 1, 2021/06/22, 22:45:40.538, 966089571459, vstest.console.dll, CurrentDomain_AssemblyResolve: Resolving assembly 'Microsoft.Bcl.AsyncInterfaces'.
TpTrace Verbose: 0 : 9488, 1, 2021/06/22, 22:45:40.538, 966089572044, vstest.console.dll, CurrentDomainAssemblyResolve: Failed to resolve assembly 'Microsoft.Bcl.AsyncInterfaces'.
TpTrace Verbose: 0 : 9488, 1, 2021/06/22, 22:45:40.538, 966089576149, vstest.console.dll, CurrentDomainAssemblyResolve: Failed to resolve assembly 'Microsoft.Bcl.AsyncInterfaces'.
TpTrace Warning: 0 : 9488, 1, 2021/06/22, 22:45:40.553, 966089725465, vstest.console.dll, TestPluginDiscoverer: Failed to get types from assembly 'Microsoft.Diagnostics.NETCore.Client, Version=0.2.2.41902, Culture=neutral, PublicKeyToken=31bf3856ad364e35'.  Skipping test extension scan for this assembly.  Error: System.Reflection.ReflectionTypeLoadException: Unable to load one or more of the requested types.
Could not load file or assembly 'Microsoft.Bcl.AsyncInterfaces, Version=1.0.0.0, Culture=neutral, PublicKeyToken=cc7b13ffcd2ddd51'. The system cannot find the file specified.
   at System.Reflection.RuntimeModule.GetTypes(RuntimeModule module)
   at System.Reflection.RuntimeModule.GetTypes()
   at System.Reflection.Assembly.GetTypes()
   at Microsoft.VisualStudio.TestPlatform.Common.ExtensionFramework.TestPluginDiscoverer.GetTestExtensionsFromAssembly[TPluginInfo,TExtension](Assembly assembly, Dictionary`2 pluginInfos)
System.IO.FileNotFoundException: Could not load file or assembly 'Microsoft.Bcl.AsyncInterfaces, Version=1.0.0.0, Culture=neutral, PublicKeyToken=cc7b13ffcd2ddd51'. The system cannot find the file specified.
File name: 'Microsoft.Bcl.AsyncInterfaces, Version=1.0.0.0, Culture=neutral, PublicKeyToken=cc7b13ffcd2ddd51'
TpTrace Warning: 0 : 9488, 1, 2021/06/22, 22:45:40.553, 966089727288, vstest.console.dll, LoaderExceptions: System.IO.FileNotFoundException: Could not load file or assembly 'Microsoft.Bcl.AsyncInterfaces, Version=1.0.0.0, Culture=neutral, PublicKeyToken=cc7b13ffcd2ddd51'. The system cannot find the file specified.
File name: 'Microsoft.Bcl.AsyncInterfaces, Version=1.0.0.0, Culture=neutral, PublicKeyToken=cc7b13ffcd2ddd51'
TpTrace Information: 0 : 9488, 1, 2021/06/22, 22:45:40.554, 966089728719, vstest.console.dll, AssemblyResolver.OnResolve: Microsoft.TestPlatform.Extensions.BlameDataCollector: Resolving assembly.
TpTrace Information: 0 : 9488, 1, 2021/06/22, 22:45:40.554, 966089737947, vstest.console.dll, AssemblyResolver.OnResolve: Resolved assembly: Microsoft.TestPlatform.Extensions.BlameDataCollector, from path: C:\Program Files\dotnet\sdk\5.0.201\Extensions\Microsoft.TestPlatform.Extensions.BlameDataCollector.dll
TpTrace Information: 0 : 9488, 1, 2021/06/22, 22:45:40.555, 966089744168, vstest.console.dll, AssemblyResolver.OnResolve: Microsoft.TestPlatform.Extensions.EventLogCollector: Resolving assembly.
TpTrace Information: 0 : 9488, 1, 2021/06/22, 22:45:40.556, 966089750032, vstest.console.dll, AssemblyResolver.OnResolve: Resolved assembly: Microsoft.TestPlatform.Extensions.EventLogCollector, from path: C:\Program Files\dotnet\sdk\5.0.201\Extensions\Microsoft.TestPlatform.Extensions.EventLogCollector.dll
TpTrace Information: 0 : 9488, 1, 2021/06/22, 22:45:40.557, 966089767014, vstest.console.dll, AssemblyResolver.OnResolve: Microsoft.TestPlatform.TestHostRuntimeProvider: Resolving assembly.
TpTrace Information: 0 : 9488, 1, 2021/06/22, 22:45:40.558, 966089774588, vstest.console.dll, AssemblyResolver.OnResolve: Resolved assembly: Microsoft.TestPlatform.TestHostRuntimeProvider, from path: C:\Program Files\dotnet\sdk\5.0.201\Extensions\Microsoft.TestPlatform.TestHostRuntimeProvider.dll
TpTrace Information: 0 : 9488, 1, 2021/06/22, 22:45:40.559, 966089786247, vstest.console.dll, AssemblyResolver.OnResolve: Microsoft.VisualStudio.TestPlatform.Extensions.Html.TestLogger: Resolving assembly.
TpTrace Information: 0 : 9488, 1, 2021/06/22, 22:45:40.560, 966089793102, vstest.console.dll, AssemblyResolver.OnResolve: Resolved assembly: Microsoft.VisualStudio.TestPlatform.Extensions.Html.TestLogger, from path: C:\Program Files\dotnet\sdk\5.0.201\Extensions\Microsoft.VisualStudio.TestPlatform.Extensions.Html.TestLogger.dll
TpTrace Information: 0 : 9488, 1, 2021/06/22, 22:45:40.560, 966089796021, vstest.console.dll, AssemblyResolver.OnResolve: Microsoft.VisualStudio.TestPlatform.Extensions.Trx.TestLogger: Resolving assembly.
TpTrace Information: 0 : 9488, 1, 2021/06/22, 22:45:40.561, 966089803225, vstest.console.dll, AssemblyResolver.OnResolve: Resolved assembly: Microsoft.VisualStudio.TestPlatform.Extensions.Trx.TestLogger, from path: C:\Program Files\dotnet\sdk\5.0.201\Extensions\Microsoft.VisualStudio.TestPlatform.Extensions.Trx.TestLogger.dll
TpTrace Verbose: 0 : 9488, 1, 2021/06/22, 22:45:40.562, 966089808353, vstest.console.dll, TestPluginCache: Discovered the extensions using extension path ''.
TpTrace Verbose: 0 : 9488, 1, 2021/06/22, 22:45:40.562, 966089809012, vstest.console.dll, TestPluginCache: Discoverers are ''.
TpTrace Verbose: 0 : 9488, 1, 2021/06/22, 22:45:40.562, 966089809490, vstest.console.dll, TestPluginCache: Executors are ''.
TpTrace Verbose: 0 : 9488, 1, 2021/06/22, 22:45:40.562, 966089809931, vstest.console.dll, TestPluginCache: Executors2 are ''.
TpTrace Verbose: 0 : 9488, 1, 2021/06/22, 22:45:40.562, 966089810531, vstest.console.dll, TestPluginCache: Setting providers are ''.
TpTrace Verbose: 0 : 9488, 1, 2021/06/22, 22:45:40.562, 966089811011, vstest.console.dll, TestPluginCache: Loggers are ''.
TpTrace Information: 0 : 9488, 1, 2021/06/22, 22:45:40.567, 966089860284, vstest.console.dll, RunTestsArgumentProcessor:Execute: Test run is starting.
TpTrace Verbose: 0 : 9488, 1, 2021/06/22, 22:45:40.567, 966089861139, vstest.console.dll, RunTestsArgumentProcessor:Execute: Queuing Test run.
TpTrace Information: 0 : 9488, 1, 2021/06/22, 22:45:40.567, 966089863202, vstest.console.dll, TestRequestManager.RunTests: run tests started.
TpTrace Information: 0 : 9488, 1, 2021/06/22, 22:45:40.580, 966089990541, vstest.console.dll, AssemblyMetadataProvider.GetFrameWork: Determined framework:'.NETCoreApp,Version=v5.0' for source: 'C:\Users\Apa\source\repos\DesignPatternsPlayground\DesignPatternsPlaygroundTest\bin\Debug\net5.0\fine-code-coverage\build-output\DesignPatternsPlaygroundTest.dll'
TpTrace Information: 0 : 9488, 1, 2021/06/22, 22:45:40.580, 966089992929, vstest.console.dll, Determined framework for all sources: .NETCoreApp,Version=v5.0
TpTrace Information: 0 : 9488, 1, 2021/06/22, 22:45:40.580, 966089997502, vstest.console.dll, AssemblyMetadataProvider.GetArchitecture: Determined architecture:AnyCPU info for assembly: C:\Users\Apa\source\repos\DesignPatternsPlayground\DesignPatternsPlaygroundTest\bin\Debug\net5.0\fine-code-coverage\build-output\DesignPatternsPlaygroundTest.dll
TpTrace Information: 0 : 9488, 1, 2021/06/22, 22:45:40.583, 966090022680, vstest.console.dll, Determined platform for all sources: X64
TpTrace Information: 0 : 9488, 1, 2021/06/22, 22:45:40.586, 966090056502, vstest.console.dll, Compatible sources list : 
TpTrace Information: 0 : 9488, 1, 2021/06/22, 22:45:40.586, 966090057778, vstest.console.dll, C:\Users\Apa\source\repos\DesignPatternsPlayground\DesignPatternsPlaygroundTest\bin\Debug\net5.0\fine-code-coverage\build-output\DesignPatternsPlaygroundTest.dll
TpTrace Information: 0 : 9488, 1, 2021/06/22, 22:45:40.589, 966090080572, vstest.console.dll, InferRunSettingsHelper.IsTestSettingsEnabled: Unable to navigate to RunSettings/MSTest. Current node: RunSettings
TpTrace Information: 0 : 9488, 1, 2021/06/22, 22:45:40.589, 966090088115, vstest.console.dll, AssemblyResolver.OnResolve: Microsoft.VisualStudio.TestPlatform.Fakes: Resolving assembly.
TpTrace Information: 0 : 9488, 1, 2021/06/22, 22:45:40.590, 966090092400, vstest.console.dll, AssemblyResolver.OnResolve: Microsoft.VisualStudio.TestPlatform.Fakes: Failed to load assembly.
TpTrace Information: 0 : 9488, 1, 2021/06/22, 22:45:40.590, 966090097904, vstest.console.dll, Failed to create newly implemented Fakes Configurator. Reason:System.IO.FileNotFoundException: Could not load file or assembly 'Microsoft.VisualStudio.TestPlatform.Fakes, Version=16.0.0.0, Culture=neutral, PublicKeyToken=null'. The system cannot find the file specified.
File name: 'Microsoft.VisualStudio.TestPlatform.Fakes, Version=16.0.0.0, Culture=neutral, PublicKeyToken=null'
   at System.Reflection.RuntimeAssembly.InternalLoad(ObjectHandleOnStack assemblyName, ObjectHandleOnStack requestingAssembly, StackCrawlMarkHandle stackMark, Boolean throwOnFileNotFound, ObjectHandleOnStack assemblyLoadContext, ObjectHandleOnStack retAssembly)
   at System.Reflection.RuntimeAssembly.InternalLoad(AssemblyName assemblyName, RuntimeAssembly requestingAssembly, StackCrawlMark& stackMark, Boolean throwOnFileNotFound, AssemblyLoadContext assemblyLoadContext)
   at System.Reflection.Assembly.Load(AssemblyName assemblyRef)
   at Microsoft.VisualStudio.TestPlatform.Common.Utilities.FakesUtilities.TryGetFakesCrossPlatformDataCollectorConfigurator() 
TpTrace Verbose: 0 : 9488, 1, 2021/06/22, 22:45:40.595, 966090148249, vstest.console.dll, TestPluginCache.DiscoverTestExtensions: finding test extensions in assemblies ends with: TestLogger.dll TPluginInfo: Microsoft.VisualStudio.TestPlatform.Common.ExtensionFramework.Utilities.TestLoggerPluginInformation TExtension: Microsoft.VisualStudio.TestPlatform.ObjectModel.Client.ITestLogger
TpTrace Verbose: 0 : 9488, 1, 2021/06/22, 22:45:40.596, 966090150003, vstest.console.dll, TestPluginCache.GetExtensionPaths: Filtered extension paths: 
TpTrace Verbose: 0 : 9488, 1, 2021/06/22, 22:45:40.596, 966090150657, vstest.console.dll, TestPluginCache.GetExtensionPaths: Added default extension paths: C:\Program Files\dotnet\sdk\5.0.201\Extensions\Microsoft.Diagnostics.NETCore.Client.dll
C:\Program Files\dotnet\sdk\5.0.201\Extensions\Microsoft.TestPlatform.Extensions.BlameDataCollector.dll
C:\Program Files\dotnet\sdk\5.0.201\Extensions\Microsoft.TestPlatform.Extensions.EventLogCollector.dll
C:\Program Files\dotnet\sdk\5.0.201\Extensions\Microsoft.TestPlatform.TestHostRuntimeProvider.dll
C:\Program Files\dotnet\sdk\5.0.201\Extensions\Microsoft.VisualStudio.TestPlatform.Extensions.Html.TestLogger.dll
C:\Program Files\dotnet\sdk\5.0.201\Extensions\Microsoft.VisualStudio.TestPlatform.Extensions.Trx.TestLogger.dll
TpTrace Verbose: 0 : 9488, 1, 2021/06/22, 22:45:40.596, 966090151281, vstest.console.dll, TestPluginCache.GetExtensionPaths: Added unfilterableExtensionPaths: 
TpTrace Information: 0 : 9488, 1, 2021/06/22, 22:45:40.596, 966090153217, vstest.console.dll, AssemblyResolver.AddSearchDirectories: Adding more searchDirectories C:\Program Files\dotnet\sdk\5.0.201\Extensions,C:\Program Files\dotnet\sdk\5.0.201
TpTrace Verbose: 0 : 9488, 1, 2021/06/22, 22:45:40.596, 966090153899, vstest.console.dll, TestPluginCache.DiscoverTestExtensions: Discovering the extensions using extension path.
TpTrace Verbose: 0 : 9488, 1, 2021/06/22, 22:45:40.596, 966090154383, vstest.console.dll, TestPluginCache.GetExtensionPaths: Filtered extension paths: 
TpTrace Verbose: 0 : 9488, 1, 2021/06/22, 22:45:40.596, 966090154846, vstest.console.dll, TestPluginCache.GetExtensionPaths: Added default extension paths: C:\Program Files\dotnet\sdk\5.0.201\Extensions\Microsoft.Diagnostics.NETCore.Client.dll
C:\Program Files\dotnet\sdk\5.0.201\Extensions\Microsoft.TestPlatform.Extensions.BlameDataCollector.dll
C:\Program Files\dotnet\sdk\5.0.201\Extensions\Microsoft.TestPlatform.Extensions.EventLogCollector.dll
C:\Program Files\dotnet\sdk\5.0.201\Extensions\Microsoft.TestPlatform.TestHostRuntimeProvider.dll
C:\Program Files\dotnet\sdk\5.0.201\Extensions\Microsoft.VisualStudio.TestPlatform.Extensions.Html.TestLogger.dll
C:\Program Files\dotnet\sdk\5.0.201\Extensions\Microsoft.VisualStudio.TestPlatform.Extensions.Trx.TestLogger.dll
TpTrace Verbose: 0 : 9488, 1, 2021/06/22, 22:45:40.596, 966090155555, vstest.console.dll, TestPluginCache.GetExtensionPaths: Added unfilterableExtensionPaths: 
TpTrace Verbose: 0 : 9488, 1, 2021/06/22, 22:45:40.596, 966090156315, vstest.console.dll, TestPluginCache.DiscoverTestExtensions: Discovering the extensions using allExtensionPaths: C:\Program Files\dotnet\sdk\5.0.201\Extensions\Microsoft.Diagnostics.NETCore.Client.dll
C:\Program Files\dotnet\sdk\5.0.201\Extensions\Microsoft.TestPlatform.Extensions.BlameDataCollector.dll
C:\Program Files\dotnet\sdk\5.0.201\Extensions\Microsoft.TestPlatform.Extensions.EventLogCollector.dll
C:\Program Files\dotnet\sdk\5.0.201\Extensions\Microsoft.TestPlatform.TestHostRuntimeProvider.dll
C:\Program Files\dotnet\sdk\5.0.201\Extensions\Microsoft.VisualStudio.TestPlatform.Extensions.Html.TestLogger.dll
C:\Program Files\dotnet\sdk\5.0.201\Extensions\Microsoft.VisualStudio.TestPlatform.Extensions.Trx.TestLogger.dll
TpTrace Information: 0 : 9488, 1, 2021/06/22, 22:45:40.596, 966090157025, vstest.console.dll, AssemblyResolver.AddSearchDirectories: Adding more searchDirectories C:\Program Files\dotnet\sdk\5.0.201\Extensions,C:\Program Files\dotnet\sdk\5.0.201
TpTrace Information: 0 : 9488, 1, 2021/06/22, 22:45:40.596, 966090157555, vstest.console.dll, AssemblyResolver.AddSearchDirectories: Adding more searchDirectories C:\Program Files\dotnet\sdk\5.0.201\Extensions,C:\Program Files\dotnet\sdk\5.0.201
TpTrace Information: 0 : 9488, 1, 2021/06/22, 22:45:40.597, 966090158743, vstest.console.dll, AssemblyResolver.AddSearchDirectories: Adding more searchDirectories C:\Program Files\dotnet\sdk\5.0.201\Extensions,C:\Program Files\dotnet\sdk\5.0.201
TpTrace Information: 0 : 9488, 1, 2021/06/22, 22:45:40.597, 966090159379, vstest.console.dll, AssemblyResolver.AddSearchDirectories: Adding more searchDirectories C:\Program Files\dotnet\sdk\5.0.201\Extensions,C:\Program Files\dotnet\sdk\5.0.201
TpTrace Information: 0 : 9488, 1, 2021/06/22, 22:45:40.597, 966090159885, vstest.console.dll, AssemblyResolver.AddSearchDirectories: Adding more searchDirectories C:\Program Files\dotnet\sdk\5.0.201\Extensions,C:\Program Files\dotnet\sdk\5.0.201
TpTrace Information: 0 : 9488, 1, 2021/06/22, 22:45:40.597, 966090160429, vstest.console.dll, AssemblyResolver.AddSearchDirectories: Adding more searchDirectories C:\Program Files\dotnet\sdk\5.0.201\Extensions,C:\Program Files\dotnet\sdk\5.0.201
TpTrace Information: 0 : 9488, 1, 2021/06/22, 22:45:40.597, 966090163419, vstest.console.dll, AssemblyResolver.OnResolve: Microsoft.Bcl.AsyncInterfaces: Resolving assembly.
TpTrace Information: 0 : 9488, 1, 2021/06/22, 22:45:40.597, 966090163941, vstest.console.dll, AssemblyResolver.OnResolve: Microsoft.Bcl.AsyncInterfaces: Resolved from cache.
TpTrace Verbose: 0 : 9488, 1, 2021/06/22, 22:45:40.597, 966090164441, vstest.console.dll, CurrentDomain_AssemblyResolve: Resolving assembly 'Microsoft.Bcl.AsyncInterfaces'.
TpTrace Information: 0 : 9488, 1, 2021/06/22, 22:45:40.597, 966090165196, vstest.console.dll, AssemblyResolver.OnResolve: Microsoft.Bcl.AsyncInterfaces: Resolving assembly.
TpTrace Information: 0 : 9488, 1, 2021/06/22, 22:45:40.597, 966090165665, vstest.console.dll, AssemblyResolver.OnResolve: Microsoft.Bcl.AsyncInterfaces: Resolved from cache.
TpTrace Verbose: 0 : 9488, 1, 2021/06/22, 22:45:40.597, 966090166261, vstest.console.dll, CurrentDomain_AssemblyResolve: Resolving assembly 'Microsoft.Bcl.AsyncInterfaces'.
TpTrace Verbose: 0 : 9488, 1, 2021/06/22, 22:45:40.597, 966090166713, vstest.console.dll, CurrentDomainAssemblyResolve: Failed to resolve assembly 'Microsoft.Bcl.AsyncInterfaces'.
TpTrace Verbose: 0 : 9488, 1, 2021/06/22, 22:45:40.597, 966090168339, vstest.console.dll, CurrentDomainAssemblyResolve: Failed to resolve assembly 'Microsoft.Bcl.AsyncInterfaces'.
TpTrace Warning: 0 : 9488, 1, 2021/06/22, 22:45:40.598, 966090171406, vstest.console.dll, TestPluginDiscoverer: Failed to get types from assembly 'Microsoft.Diagnostics.NETCore.Client, Version=0.2.2.41902, Culture=neutral, PublicKeyToken=31bf3856ad364e35'.  Skipping test extension scan for this assembly.  Error: System.Reflection.ReflectionTypeLoadException: Unable to load one or more of the requested types.
Could not load file or assembly 'Microsoft.Bcl.AsyncInterfaces, Version=1.0.0.0, Culture=neutral, PublicKeyToken=cc7b13ffcd2ddd51'. The system cannot find the file specified.
   at System.Reflection.RuntimeModule.GetTypes(RuntimeModule module)
   at System.Reflection.RuntimeModule.GetTypes()
   at System.Reflection.Assembly.GetTypes()
   at Microsoft.VisualStudio.TestPlatform.Common.ExtensionFramework.TestPluginDiscoverer.GetTestExtensionsFromAssembly[TPluginInfo,TExtension](Assembly assembly, Dictionary`2 pluginInfos)
System.IO.FileNotFoundException: Could not load file or assembly 'Microsoft.Bcl.AsyncInterfaces, Version=1.0.0.0, Culture=neutral, PublicKeyToken=cc7b13ffcd2ddd51'. The system cannot find the file specified.
File name: 'Microsoft.Bcl.AsyncInterfaces, Version=1.0.0.0, Culture=neutral, PublicKeyToken=cc7b13ffcd2ddd51'
TpTrace Warning: 0 : 9488, 1, 2021/06/22, 22:45:40.598, 966090172068, vstest.console.dll, LoaderExceptions: System.IO.FileNotFoundException: Could not load file or assembly 'Microsoft.Bcl.AsyncInterfaces, Version=1.0.0.0, Culture=neutral, PublicKeyToken=cc7b13ffcd2ddd51'. The system cannot find the file specified.
File name: 'Microsoft.Bcl.AsyncInterfaces, Version=1.0.0.0, Culture=neutral, PublicKeyToken=cc7b13ffcd2ddd51'
TpTrace Verbose: 0 : 9488, 1, 2021/06/22, 22:45:40.598, 966090176574, vstest.console.dll, TestPluginCache: Discovered the extensions using extension path ''.
TpTrace Verbose: 0 : 9488, 1, 2021/06/22, 22:45:40.598, 966090177184, vstest.console.dll, TestPluginCache: Discoverers are ''.
TpTrace Verbose: 0 : 9488, 1, 2021/06/22, 22:45:40.598, 966090177625, vstest.console.dll, TestPluginCache: Executors are ''.
TpTrace Verbose: 0 : 9488, 1, 2021/06/22, 22:45:40.598, 966090178040, vstest.console.dll, TestPluginCache: Executors2 are ''.
TpTrace Verbose: 0 : 9488, 1, 2021/06/22, 22:45:40.599, 966090178449, vstest.console.dll, TestPluginCache: Setting providers are ''.
TpTrace Verbose: 0 : 9488, 1, 2021/06/22, 22:45:40.599, 966090179308, vstest.console.dll, TestPluginCache: Loggers are 'logger://Microsoft/TestPlatform/Extensions/Blame/v1,logger://Microsoft/TestPlatform/HtmlLogger/v1,logger://Microsoft/TestPlatform/TrxLogger/v1'.
TpTrace Information: 0 : 9488, 1, 2021/06/22, 22:45:40.599, 966090185883, vstest.console.dll, TestPluginManager.CreateTestExtension: Attempting to load test extension: Microsoft.TestPlatform.Extensions.BlameDataCollector.BlameLogger
TpTrace Information: 0 : 9488, 1, 2021/06/22, 22:45:40.609, 966090283539, vstest.console.dll, TestPluginManager.CreateTestExtension: Attempting to load test extension: Microsoft.VisualStudio.TestPlatform.CrossPlatEngine.Hosting.DefaultTestHostManager
TpTrace Information: 0 : 9488, 1, 2021/06/22, 22:45:40.609, 966090286548, vstest.console.dll, TestPluginManager.CreateTestExtension: Attempting to load test extension: Microsoft.VisualStudio.TestPlatform.CrossPlatEngine.Hosting.DotnetTestHostManager
TpTrace Verbose: 0 : 9488, 1, 2021/06/22, 22:45:40.610, 966090291969, vstest.console.dll, TestEngine: Initializing Parallel Execution as MaxCpuCount is set to: 1
TpTrace Information: 0 : 9488, 1, 2021/06/22, 22:45:40.610, 966090297466, vstest.console.dll, InferRunSettingsHelper.IsTestSettingsEnabled: Unable to navigate to RunSettings/MSTest. Current node: RunSettings
TpTrace Verbose: 0 : 9488, 1, 2021/06/22, 22:45:40.624, 966090429856, vstest.console.dll, TestRequestSender is acting as server
TpTrace Verbose: 0 : 9488, 4, 2021/06/22, 22:45:40.627, 966090465623, vstest.console.dll, DataCollectionRequestSender.InitializeCommunication : Initialize communication. 
TpTrace Information: 0 : 9488, 4, 2021/06/22, 22:45:40.642, 966090611213, vstest.console.dll, Listening on Endpoint : 127.0.0.1:50786
TpTrace Verbose: 0 : 9488, 4, 2021/06/22, 22:45:40.655, 966090738665, vstest.console.dll, DotnetDataCollectionLauncher: Full path of dotnet.exe is C:\Program Files\dotnet\dotnet.exe
TpTrace Verbose: 0 : 9488, 4, 2021/06/22, 22:45:40.655, 966090740482, vstest.console.dll, DotnetDataCollectionLauncher: Adding  --runtimeconfig "C:\Program Files\dotnet\sdk\5.0.201\datacollector.runtimeconfig.json" in args
TpTrace Verbose: 0 : 9488, 4, 2021/06/22, 22:45:40.655, 966090741515, vstest.console.dll, DotnetDataCollectionLauncher: Adding  --depsfile "C:\Program Files\dotnet\sdk\5.0.201\datacollector.deps.json" in args
TpTrace Information: 0 : 9488, 4, 2021/06/22, 22:45:40.669, 966090880373, vstest.console.dll, ProxyDataCollectionManager.Initialize: Launched datacollector processId: 20756 port: 50786
TpTrace Information: 0 : 9488, 4, 2021/06/22, 22:45:40.669, 966090882593, vstest.console.dll, ProxyDataCollectionManager.Initialize: waiting for connection with timeout: 90 seconds
TpTrace Verbose: 0 : 9488, 4, 2021/06/22, 22:45:40.669, 966090883469, vstest.console.dll, DataCollectionRequestSender.WaitForRequestHandlerConnection : Waiting for connection with timeout: 90000
TpTrace Information: 0 : 9488, 7, 2021/06/22, 22:45:40.855, 966092741782, vstest.console.dll, Using the buffer size of 16384 bytes
TpTrace Verbose: 0 : 9488, 4, 2021/06/22, 22:45:40.855, 966092742716, vstest.console.dll, ProxyDataCollectionManager.InvokeDataCollectionServiceAction: Starting.
TpTrace Information: 0 : 9488, 7, 2021/06/22, 22:45:40.855, 966092742931, vstest.console.dll, Accepted Client request and set the flag
TpTrace Information: 0 : 9488, 4, 2021/06/22, 22:45:40.855, 966092743970, vstest.console.dll, ProxyDataCollectionManager.BeforeTestRunStart: Get environment variable and port for datacollector processId: 20756 port: 50786
TpTrace Verbose: 0 : 9488, 4, 2021/06/22, 22:45:40.855, 966092745795, vstest.console.dll, DataCollectionRequestSender.SendBeforeTestRunStartAndGetResult : Send BeforeTestRunStart message with settingsXml <RunSettings><RunConfiguration><ResultsDirectory>C:\Users\Apa\source\repos\DesignPatternsPlayground\DesignPatternsPlaygroundTest\bin\Debug\net5.0\fine-code-coverage\coverage-tool-output</ResultsDirectory><TargetPlatform>X64</TargetPlatform><TargetFrameworkVersion>.NETCoreApp,Version=v5.0</TargetFrameworkVersion><DesignMode>False</DesignMode><CollectSourceInformation>False</CollectSourceInformation><TestAdaptersPaths>C:\Program Files\dotnet\sdk\5.0.201\Extensions</TestAdaptersPaths></RunConfiguration><LoggerRunSettings><Loggers><Logger friendlyName="blame" enabled="True" /><Logger friendlyName="Console" uri="logger://microsoft/TestPlatform/ConsoleLogger/v1" assemblyQualifiedName="Microsoft.VisualStudio.TestPlatform.CommandLine.Internal.ConsoleLogger, vstest.console, Version=15.0.0.0, Culture=neutral, PublicKeyToken=b03f5f7f11d50a3a" codeBase="C:\Program Files\dotnet\sdk\5.0.201\vstest.console.dll" enabled="True" /></Loggers></LoggerRunSettings><DataCollectionRunSettings><DataCollectors><DataCollector friendlyName="blame" enabled="True"><Configuration><ResultsDirectory>C:\Users\Apa\source\repos\DesignPatternsPlayground\DesignPatternsPlaygroundTest\bin\Debug\net5.0\fine-code-coverage\coverage-tool-output</ResultsDirectory></Configuration></DataCollector></DataCollectors></DataCollectionRunSettings></RunSettings> and sources System.Linq.Enumerable+Concat2Iterator`1[System.String]: 
TpTrace Verbose: 0 : 9488, 4, 2021/06/22, 22:45:40.932, 966093510546, vstest.console.dll, DataCollectionRequestSender.SendBeforeTestRunStartAndGetResult : Received message: (DataCollection.SendMessage) -> {
  "FriendlyName": null,
  "Uri": null,
  "TestCaseId": "00000000-0000-0000-0000-000000000000",
  "Message": "Logging DataCollector Diagnostics in file: C:\\Users\\Apa\\source\\repos\\DesignPatternsPlayground\\DesignPatternsPlaygroundTest\\bin\\Debug\\net5.0\\fine-code-coverage\\coverage-tool-output\\diagnostics.datacollector.21-06-22_22-45-40_64984_4.log",
  "Level": 0
}
TpTrace Verbose: 0 : 9488, 4, 2021/06/22, 22:45:40.999, 966094179948, vstest.console.dll, DataCollectionRequestSender.SendBeforeTestRunStartAndGetResult : Received message: (DataCollection.BeforeTestRunStartResult) -> {
  "EnvironmentVariables": {},
  "DataCollectionEventsPort": 50788
}
TpTrace Information: 0 : 9488, 4, 2021/06/22, 22:45:41.003, 966094228167, vstest.console.dll, ProxyDataCollectionManager.BeforeTestRunStart: SendBeforeTestRunStartAndGetResult successful, env variable from datacollector:   and testhost port: 50788
TpTrace Information: 0 : 9488, 4, 2021/06/22, 22:45:41.004, 966094229396, vstest.console.dll, ProxyDataCollectionManager.InvokeDataCollectionServiceAction: Completed.
TpTrace Verbose: 0 : 9488, 1, 2021/06/22, 22:45:41.004, 966094231222, vstest.console.dll, TestRunRequest.ExecuteAsync: Creating test run request.
TpTrace Verbose: 0 : 9488, 1, 2021/06/22, 22:45:41.004, 966094233897, vstest.console.dll, TestRunRequest.ExecuteAsync: Starting.
TpTrace Information: 0 : 9488, 1, 2021/06/22, 22:45:41.004, 966094236907, vstest.console.dll, TestRunRequest.ExecuteAsync: Starting run with settings:TestRunCriteria:
   KeepAlive=False,FrequencyOfRunStatsChangeEvent=10,RunStatsChangeEventTimeout=00:00:01.5000000,TestCaseFilter=,TestExecutorLauncher=
   Settingsxml=<RunSettings>
  <RunConfiguration>
    <ResultsDirectory>C:\Users\Apa\source\repos\DesignPatternsPlayground\DesignPatternsPlaygroundTest\bin\Debug\net5.0\fine-code-coverage\coverage-tool-output</ResultsDirectory>
    <TargetPlatform>X64</TargetPlatform>
    <TargetFrameworkVersion>.NETCoreApp,Version=v5.0</TargetFrameworkVersion>
    <DesignMode>False</DesignMode>
    <CollectSourceInformation>False</CollectSourceInformation>
  </RunConfiguration>
  <LoggerRunSettings>
    <Loggers>
      <Logger friendlyName="blame" enabled="True" />
      <Logger friendlyName="Console" uri="logger://microsoft/TestPlatform/ConsoleLogger/v1" assemblyQualifiedName="Microsoft.VisualStudio.TestPlatform.CommandLine.Internal.ConsoleLogger, vstest.console, Version=15.0.0.0, Culture=neutral, PublicKeyToken=b03f5f7f11d50a3a" codeBase="C:\Program Files\dotnet\sdk\5.0.201\vstest.console.dll" enabled="True" />
    </Loggers>
  </LoggerRunSettings>
  <DataCollectionRunSettings>
    <DataCollectors>
      <DataCollector friendlyName="blame" enabled="True">
        <Configuration>
          <ResultsDirectory>C:\Users\Apa\source\repos\DesignPatternsPlayground\DesignPatternsPlaygroundTest\bin\Debug\net5.0\fine-code-coverage\coverage-tool-output</ResultsDirectory>
        </Configuration>
      </DataCollector>
    </DataCollectors>
  </DataCollectionRunSettings>
</RunSettings>

TpTrace Verbose: 0 : 9488, 1, 2021/06/22, 22:45:41.004, 966094237639, vstest.console.dll, TestRunRequest.ExecuteAsync: Wait for the first run request is over.
TpTrace Verbose: 0 : 9488, 1, 2021/06/22, 22:45:41.005, 966094242147, vstest.console.dll, ParallelProxyExecutionManager: Start execution. Total sources: 1
TpTrace Information: 0 : 9488, 1, 2021/06/22, 22:45:41.006, 966094249252, vstest.console.dll, ProxyParallelExecutionManager: Triggering test run for next source: C:\Users\Apa\source\repos\DesignPatternsPlayground\DesignPatternsPlaygroundTest\bin\Debug\net5.0\fine-code-coverage\build-output\DesignPatternsPlaygroundTest.dll
TpTrace Verbose: 0 : 9488, 1, 2021/06/22, 22:45:41.006, 966094251396, vstest.console.dll, ProxyParallelExecutionManager: No sources available for execution.
TpTrace Verbose: 0 : 9488, 6, 2021/06/22, 22:45:41.006, 966094251436, vstest.console.dll, ParallelProxyExecutionManager: Execution started. Started clients: 1
TpTrace Information: 0 : 9488, 1, 2021/06/22, 22:45:41.006, 966094252156, vstest.console.dll, TestRunRequest.ExecuteAsync: Started.
TpTrace Verbose: 0 : 9488, 1, 2021/06/22, 22:45:41.006, 966094253914, vstest.console.dll, TestRunRequest.WaitForCompletion: Waiting with timeout -1.
TpTrace Verbose: 0 : 9488, 6, 2021/06/22, 22:45:41.006, 966094255958, vstest.console.dll, TestRunRequest:SendTestRunMessage: Starting.
TpTrace Information: 0 : 9488, 6, 2021/06/22, 22:45:41.006, 966094257173, vstest.console.dll, TestRunRequest:SendTestRunMessage: Completed.
TpTrace Verbose: 0 : 9488, 6, 2021/06/22, 22:45:41.007, 966094259221, vstest.console.dll, ProxyExecutionManager: Test host is always Lazy initialize.
TpTrace Verbose: 0 : 9488, 6, 2021/06/22, 22:45:41.007, 966094261839, vstest.console.dll, TestRequestSender.InitializeCommunication: initialize communication. 
TpTrace Information: 0 : 9488, 6, 2021/06/22, 22:45:41.007, 966094267284, vstest.console.dll, SocketServer.Start: Listening on endpoint : 127.0.0.1:50789
TpTrace Verbose: 0 : 9488, 6, 2021/06/22, 22:45:41.008, 966094274812, vstest.console.dll, DotnetTestHostmanager: Adding  --runtimeconfig "C:\Users\Apa\source\repos\DesignPatternsPlayground\DesignPatternsPlaygroundTest\bin\Debug\net5.0\fine-code-coverage\build-output\DesignPatternsPlaygroundTest.runtimeconfig.json" in args
TpTrace Verbose: 0 : 9488, 6, 2021/06/22, 22:45:41.008, 966094276021, vstest.console.dll, DotnetTestHostmanager: Adding  --depsfile "C:\Users\Apa\source\repos\DesignPatternsPlayground\DesignPatternsPlaygroundTest\bin\Debug\net5.0\fine-code-coverage\build-output\DesignPatternsPlaygroundTest.deps.json" in args
TpTrace Information: 0 : 9488, 6, 2021/06/22, 22:45:41.009, 966094278901, vstest.console.dll, AssemblyResolver.OnResolve: Microsoft.Extensions.DependencyModel: Resolving assembly.
TpTrace Information: 0 : 9488, 6, 2021/06/22, 22:45:41.010, 966094288423, vstest.console.dll, AssemblyResolver.OnResolve: Resolved assembly: Microsoft.Extensions.DependencyModel, from path: C:\Program Files\dotnet\sdk\5.0.201\Microsoft.Extensions.DependencyModel.dll
TpTrace Verbose: 0 : 9488, 6, 2021/06/22, 22:45:41.010, 966094292559, vstest.console.dll, DotnetTestHostmanager: Reading file C:\Users\Apa\source\repos\DesignPatternsPlayground\DesignPatternsPlaygroundTest\bin\Debug\net5.0\fine-code-coverage\build-output\DesignPatternsPlaygroundTest.deps.json to get path of testhost.dll
TpTrace Verbose: 0 : 9488, 6, 2021/06/22, 22:45:41.028, 966094475252, vstest.console.dll, DotnetTestHostmanager: Relative path of testhost.dll with respect to package folder is microsoft.testplatform.testhost/16.5.0\lib/netcoreapp2.1/testhost.dll
TpTrace Verbose: 0 : 9488, 6, 2021/06/22, 22:45:41.029, 966094482786, vstest.console.dll, DotnetTestHostmanager: Looking for path microsoft.testplatform.testhost/16.5.0\lib/netcoreapp2.1/testhost.dll in folder C:\Users\Apa\.dotnet\store\|arch|\|tfm|
TpTrace Verbose: 0 : 9488, 6, 2021/06/22, 22:45:41.029, 966094483954, vstest.console.dll, DotnetTestHostmanager: Looking for path microsoft.testplatform.testhost/16.5.0\lib/netcoreapp2.1/testhost.dll in folder C:\Users\Apa\.nuget\packages
TpTrace Verbose: 0 : 9488, 6, 2021/06/22, 22:45:41.029, 966094486469, vstest.console.dll, DotnetTestHostManager: Testhost.exe/testhost.x86.exe found at path: C:\Users\Apa\.nuget\packages\microsoft.testplatform.testhost\16.5.0\build\netcoreapp2.1\x64\testhost.exe
TpTrace Verbose: 0 : 9488, 6, 2021/06/22, 22:45:41.029, 966094487125, vstest.console.dll, DotnetTestHostmanager: Full path of host exe is C:\Users\Apa\.nuget\packages\microsoft.testplatform.testhost\16.5.0\build\netcoreapp2.1\x64\testhost.exe
TpTrace Verbose: 0 : 9488, 4, 2021/06/22, 22:45:41.030, 966094498201, vstest.console.dll, DotnetTestHostManager: Starting process 'C:\Users\Apa\.nuget\packages\microsoft.testplatform.testhost\16.5.0\build\netcoreapp2.1\x64\testhost.exe' with command line ' --runtimeconfig "C:\Users\Apa\source\repos\DesignPatternsPlayground\DesignPatternsPlaygroundTest\bin\Debug\net5.0\fine-code-coverage\build-output\DesignPatternsPlaygroundTest.runtimeconfig.json" --depsfile "C:\Users\Apa\source\repos\DesignPatternsPlayground\DesignPatternsPlaygroundTest\bin\Debug\net5.0\fine-code-coverage\build-output\DesignPatternsPlaygroundTest.deps.json" --port 50789 --endpoint 127.0.0.1:050789 --role client --parentprocessid 9488 --diag "C:\Users\Apa\source\repos\DesignPatternsPlayground\DesignPatternsPlaygroundTest\bin\Debug\net5.0\fine-code-coverage\coverage-tool-output\diagnostics.host.21-06-22_22-45-41_00822_6.log" --tracelevel 4 --datacollectionport 50788 --telemetryoptedin false'
TpTrace Verbose: 0 : 9488, 4, 2021/06/22, 22:45:41.043, 966094626391, vstest.console.dll, Test Runtime launched
TpTrace Verbose: 0 : 9488, 6, 2021/06/22, 22:45:41.044, 966094634478, vstest.console.dll, TestRequestSender.WaitForRequestHandlerConnection: waiting for connection with timeout: 90000
TpTrace Verbose: 0 : 9488, 13, 2021/06/22, 22:45:41.243, 966096618914, vstest.console.dll, SocketServer.OnClientConnected: Client connected for endPoint: 127.0.0.1:50789, starting MessageLoopAsync:
TpTrace Verbose: 0 : 9488, 4, 2021/06/22, 22:45:41.243, 966096622317, vstest.console.dll, TcpClientExtensions.MessageLoopAsync: Polling on remoteEndPoint: 127.0.0.1:50790 localEndPoint: 127.0.0.1:50789
TpTrace Verbose: 0 : 9488, 4, 2021/06/22, 22:45:41.420, 966098393973, vstest.console.dll, TcpClientExtensions.MessageLoopAsync: NotifyDataAvailable remoteEndPoint: 127.0.0.1:50790 localEndPoint: 127.0.0.1:50789
TpTrace Verbose: 0 : 9488, 4, 2021/06/22, 22:45:41.420, 966098396910, vstest.console.dll, TestRequestSender.CheckVersionWithTestHost: onMessageReceived received message: (ProtocolVersion) -> 2
TpTrace Verbose: 0 : 9488, 4, 2021/06/22, 22:45:41.421, 966098402339, vstest.console.dll, TcpClientExtensions.MessageLoopAsync: Polling on remoteEndPoint: 127.0.0.1:50790 localEndPoint: 127.0.0.1:50789
TpTrace Verbose: 0 : 9488, 6, 2021/06/22, 22:45:41.421, 966098403503, vstest.console.dll, TestPluginCache.GetExtensionPaths: Filtered extension paths: 
TpTrace Verbose: 0 : 9488, 6, 2021/06/22, 22:45:41.421, 966098404281, vstest.console.dll, TestPluginCache.GetExtensionPaths: Added default extension paths: C:\Program Files\dotnet\sdk\5.0.201\Extensions\Microsoft.Diagnostics.NETCore.Client.dll
C:\Program Files\dotnet\sdk\5.0.201\Extensions\Microsoft.TestPlatform.Extensions.BlameDataCollector.dll
C:\Program Files\dotnet\sdk\5.0.201\Extensions\Microsoft.TestPlatform.Extensions.EventLogCollector.dll
C:\Program Files\dotnet\sdk\5.0.201\Extensions\Microsoft.TestPlatform.TestHostRuntimeProvider.dll
C:\Program Files\dotnet\sdk\5.0.201\Extensions\Microsoft.VisualStudio.TestPlatform.Extensions.Html.TestLogger.dll
C:\Program Files\dotnet\sdk\5.0.201\Extensions\Microsoft.VisualStudio.TestPlatform.Extensions.Trx.TestLogger.dll
TpTrace Verbose: 0 : 9488, 6, 2021/06/22, 22:45:41.421, 966098404852, vstest.console.dll, TestPluginCache.GetExtensionPaths: Added unfilterableExtensionPaths: 
TpTrace Verbose: 0 : 9488, 6, 2021/06/22, 22:45:41.425, 966098440468, vstest.console.dll, TestRequestSender.InitializeExecution: Sending initializing execution with message: {"Version":2,"MessageType":"TestExecution.Initialize","Payload":["C:\\Users\\Apa\\source\\repos\\DesignPatternsPlayground\\DesignPatternsPlaygroundTest\\bin\\Debug\\net5.0\\fine-code-coverage\\build-output\\NUnit3.TestAdapter.dll"]}
TpTrace Verbose: 0 : 9488, 4, 2021/06/22, 22:45:41.435, 966098544158, vstest.console.dll, TcpClientExtensions.MessageLoopAsync: NotifyDataAvailable remoteEndPoint: 127.0.0.1:50790 localEndPoint: 127.0.0.1:50789
TpTrace Verbose: 0 : 9488, 4, 2021/06/22, 22:45:41.435, 966098546482, vstest.console.dll, TestRequestSender.OnExecutionMessageReceived: Received message: {"Version":2,"MessageType":"TestSession.Message","Payload":{"MessageLevel":0,"Message":"Logging TestHost Diagnostics in file: C:\\Users\\Apa\\source\\repos\\DesignPatternsPlayground\\DesignPatternsPlaygroundTest\\bin\\Debug\\net5.0\\fine-code-coverage\\coverage-tool-output\\diagnostics.host.21-06-22_22-45-41_00822_6.log"}}
TpTrace Verbose: 0 : 9488, 6, 2021/06/22, 22:45:41.437, 966098566822, vstest.console.dll, TestRequestSender.StartTestRun: Sending test run with message: {"Version":2,"MessageType":"TestExecution.StartWithSources","Payload":{"AdapterSourceMap":{"_none_":["C:\\Users\\Apa\\source\\repos\\DesignPatternsPlayground\\DesignPatternsPlaygroundTest\\bin\\Debug\\net5.0\\fine-code-coverage\\build-output\\DesignPatternsPlaygroundTest.dll"]},"RunSettings":"<RunSettings>\r\n  <RunConfiguration>\r\n    <ResultsDirectory>C:\\Users\\Apa\\source\\repos\\DesignPatternsPlayground\\DesignPatternsPlaygroundTest\\bin\\Debug\\net5.0\\fine-code-coverage\\coverage-tool-output</ResultsDirectory>\r\n    <TargetPlatform>X64</TargetPlatform>\r\n    <TargetFrameworkVersion>.NETCoreApp,Version=v5.0</TargetFrameworkVersion>\r\n    <DesignMode>False</DesignMode>\r\n    <CollectSourceInformation>False</CollectSourceInformation>\r\n  </RunConfiguration>\r\n  <LoggerRunSettings>\r\n    <Loggers>\r\n      <Logger friendlyName=\"blame\" enabled=\"True\" />\r\n      <Logger friendlyName=\"Console\" uri=\"logger://microsoft/TestPlatform/ConsoleLogger/v1\" assemblyQualifiedName=\"Microsoft.VisualStudio.TestPlatform.CommandLine.Internal.ConsoleLogger, vstest.console, Version=15.0.0.0, Culture=neutral, PublicKeyToken=b03f5f7f11d50a3a\" codeBase=\"C:\\Program Files\\dotnet\\sdk\\5.0.201\\vstest.console.dll\" enabled=\"True\" />\r\n    </Loggers>\r\n  </LoggerRunSettings>\r\n  <DataCollectionRunSettings>\r\n    <DataCollectors>\r\n      <DataCollector friendlyName=\"blame\" enabled=\"True\">\r\n        <Configuration>\r\n          <ResultsDirectory>C:\\Users\\Apa\\source\\repos\\DesignPatternsPlayground\\DesignPatternsPlaygroundTest\\bin\\Debug\\net5.0\\fine-code-coverage\\coverage-tool-output</ResultsDirectory>\r\n        </Configuration>\r\n      </DataCollector>\r\n    </DataCollectors>\r\n  </DataCollectionRunSettings>\r\n</RunSettings>","TestExecutionContext":{"FrequencyOfRunStatsChangeEvent":10,"RunStatsChangeEventTimeout":"00:00:01.5000000","InIsolation":false,"KeepAlive":false,"AreTestCaseLevelEventsRequired":false,"IsDebug":false,"TestCaseFilter":null,"FilterOptions":null},"Package":null}}
TpTrace Verbose: 0 : 9488, 4, 2021/06/22, 22:45:41.438, 966098576816, vstest.console.dll, TestRunRequest:SendTestRunMessage: Starting.
TpTrace Information: 0 : 9488, 4, 2021/06/22, 22:45:41.439, 966098578401, vstest.console.dll, TestRunRequest:SendTestRunMessage: Completed.
TpTrace Verbose: 0 : 9488, 4, 2021/06/22, 22:45:41.439, 966098579210, vstest.console.dll, TcpClientExtensions.MessageLoopAsync: Polling on remoteEndPoint: 127.0.0.1:50790 localEndPoint: 127.0.0.1:50789
TpTrace Verbose: 0 : 9488, 4, 2021/06/22, 22:45:41.612, 966100316630, vstest.console.dll, TcpClientExtensions.MessageLoopAsync: NotifyDataAvailable remoteEndPoint: 127.0.0.1:50790 localEndPoint: 127.0.0.1:50789
TpTrace Verbose: 0 : 9488, 4, 2021/06/22, 22:45:41.612, 966100318077, vstest.console.dll, TestRequestSender.OnExecutionMessageReceived: Received message: {"Version":2,"MessageType":"TestSession.Message","Payload":{"MessageLevel":0,"Message":"NUnit Adapter 3.16.1.0: Test execution started"}}
TpTrace Verbose: 0 : 9488, 4, 2021/06/22, 22:45:41.613, 966100320916, vstest.console.dll, TestRunRequest:SendTestRunMessage: Starting.
TpTrace Information: 0 : 9488, 4, 2021/06/22, 22:45:41.613, 966100321763, vstest.console.dll, TestRunRequest:SendTestRunMessage: Completed.
TpTrace Verbose: 0 : 9488, 4, 2021/06/22, 22:45:41.613, 966100322269, vstest.console.dll, TcpClientExtensions.MessageLoopAsync: Polling on remoteEndPoint: 127.0.0.1:50790 localEndPoint: 127.0.0.1:50789
TpTrace Verbose: 0 : 9488, 4, 2021/06/22, 22:45:41.625, 966100444338, vstest.console.dll, TcpClientExtensions.MessageLoopAsync: NotifyDataAvailable remoteEndPoint: 127.0.0.1:50790 localEndPoint: 127.0.0.1:50789
TpTrace Verbose: 0 : 9488, 4, 2021/06/22, 22:45:41.625, 966100445606, vstest.console.dll, TestRequestSender.OnExecutionMessageReceived: Received message: {"Version":2,"MessageType":"TestSession.Message","Payload":{"MessageLevel":0,"Message":"Running all tests in C:\\Users\\Apa\\source\\repos\\DesignPatternsPlayground\\DesignPatternsPlaygroundTest\\bin\\Debug\\net5.0\\fine-code-coverage\\build-output\\DesignPatternsPlaygroundTest.dll"}}
TpTrace Verbose: 0 : 9488, 4, 2021/06/22, 22:45:41.625, 966100447518, vstest.console.dll, TestRunRequest:SendTestRunMessage: Starting.
TpTrace Information: 0 : 9488, 4, 2021/06/22, 22:45:41.625, 966100448212, vstest.console.dll, TestRunRequest:SendTestRunMessage: Completed.
TpTrace Verbose: 0 : 9488, 4, 2021/06/22, 22:45:41.626, 966100448695, vstest.console.dll, TcpClientExtensions.MessageLoopAsync: Polling on remoteEndPoint: 127.0.0.1:50790 localEndPoint: 127.0.0.1:50789
TpTrace Verbose: 0 : 9488, 4, 2021/06/22, 22:45:41.807, 966102265171, vstest.console.dll, TcpClientExtensions.MessageLoopAsync: NotifyDataAvailable remoteEndPoint: 127.0.0.1:50790 localEndPoint: 127.0.0.1:50789
TpTrace Verbose: 0 : 9488, 4, 2021/06/22, 22:45:41.807, 966102266525, vstest.console.dll, TestRequestSender.OnExecutionMessageReceived: Received message: {"Version":2,"MessageType":"TestSession.Message","Payload":{"MessageLevel":0,"Message":"   NUnit3TestExecutor converted 14 of 14 NUnit test cases"}}
TpTrace Verbose: 0 : 9488, 4, 2021/06/22, 22:45:41.808, 966102268685, vstest.console.dll, TestRunRequest:SendTestRunMessage: Starting.
TpTrace Information: 0 : 9488, 4, 2021/06/22, 22:45:41.808, 966102269561, vstest.console.dll, TestRunRequest:SendTestRunMessage: Completed.
TpTrace Verbose: 0 : 9488, 4, 2021/06/22, 22:45:41.808, 966102270022, vstest.console.dll, TcpClientExtensions.MessageLoopAsync: Polling on remoteEndPoint: 127.0.0.1:50790 localEndPoint: 127.0.0.1:50789
TpTrace Verbose: 0 : 9488, 4, 2021/06/22, 22:45:41.986, 966104053406, vstest.console.dll, TcpClientExtensions.MessageLoopAsync: NotifyDataAvailable remoteEndPoint: 127.0.0.1:50790 localEndPoint: 127.0.0.1:50789
TpTrace Verbose: 0 : 9488, 4, 2021/06/22, 22:45:41.986, 966104055747, vstest.console.dll, TestRequestSender.OnExecutionMessageReceived: Received message: {"Version":2,"MessageType":"TestExecution.StatsChange","Payload":{"NewTestResults":[{"TestCase":{"Id":"8f489f1b-4e15-e2ff-8264-52d5c8d76006","FullyQualifiedName":"DesignPatternsPlaygroundTest.AdapterTest.MicroUsbToLighting_SetAdapter","DisplayName":"MicroUsbToLighting_SetAdapter","ExecutorUri":"executor://NUnit3TestExecutor","Source":"C:\\Users\\Apa\\source\\repos\\DesignPatternsPlayground\\DesignPatternsPlaygroundTest\\bin\\Debug\\net5.0\\fine-code-coverage\\build-output\\DesignPatternsPlaygroundTest.dll","CodeFilePath":null,"LineNumber":0,"Properties":[]},"Attachments":[],"Outcome":1,"ErrorMessage":null,"ErrorStackTrace":null,"DisplayName":"MicroUsbToLighting_SetAdapter","Messages":[{"Category":"StdOutMsgs","Text":"Using Lighting charge\r\nRecharge Started\r\nRecharge Finished\r\n"}],"ComputerName":"DESKTOP-QF13AGH","Duration":"00:00:00.0205510","StartTime":"2021-06-23T01:45:41+00:00","EndTime":"2021-06-23T01:45:41+00:00","Properties":[]},{"TestCase":{"Id":"dcdf1775-84ad-0e56-3376-4fd0dd91a7bc","FullyQualifiedName":"DesignPatternsPlaygroundTest.BridgePattern.Test_Bridge","DisplayName":"Test_Bridge","ExecutorUri":"executor://NUnit3TestExecutor","Source":"C:\\Users\\Apa\\source\\repos\\DesignPatternsPlayground\\DesignPatternsPlaygroundTest\\bin\\Debug\\net5.0\\fine-code-coverage\\build-output\\DesignPatternsPlaygroundTest.dll","CodeFilePath":null,"LineNumber":0,"Properties":[]},"Attachments":[],"Outcome":1,"ErrorMessage":null,"ErrorStackTrace":null,"DisplayName":"Test_Bridge","Messages":[{"Category":"StdOutMsgs","Text":"Opening Elevator Door\r\nClosing Elevator Door\r\nOpening Elevator Door\r\nClosing Elevator Door\r\n"}],"ComputerName":"DESKTOP-QF13AGH","Duration":"00:00:00.0024050","StartTime":"2021-06-23T01:45:41+00:00","EndTime":"2021-06-23T01:45:41+00:00","Properties":[]},{"TestCase":{"Id":"4f4c1281-03bb-315c-a50c-62125a6ceeb1","FullyQualifiedName":"DesignPatternsPlaygroundTest.BuilderTest.Builder_RequestCountryAndCityBike_ReturnsBikes","DisplayName":"Builder_RequestCountryAndCityBike_ReturnsBikes","ExecutorUri":"executor://NUnit3TestExecutor","Source":"C:\\Users\\Apa\\source\\repos\\DesignPatternsPlayground\\DesignPatternsPlaygroundTest\\bin\\Debug\\net5.0\\fine-code-coverage\\build-output\\DesignPatternsPlaygroundTest.dll","CodeFilePath":null,"LineNumber":0,"Properties":[]},"Attachments":[],"Outcome":1,"ErrorMessage":null,"ErrorStackTrace":null,"DisplayName":"Builder_RequestCountryAndCityBike_ReturnsBikes","Messages":[],"ComputerName":"DESKTOP-QF13AGH","Duration":"00:00:00.0085310","StartTime":"2021-06-23T01:45:41+00:00","EndTime":"2021-06-23T01:45:41+00:00","Properties":[]},{"TestCase":{"Id":"62d5b518-c0c9-8793-8541-8d7b7c4c053f","FullyQualifiedName":"DesignPatternsPlaygroundTest.ChainOfResponsabilityTest.ChainOfResponsability_PassLowPatient_ProcessPatientResident","DisplayName":"ChainOfResponsability_PassLowPatient_ProcessPatientResident","ExecutorUri":"executor://NUnit3TestExecutor","Source":"C:\\Users\\Apa\\source\\repos\\DesignPatternsPlayground\\DesignPatternsPlaygroundTest\\bin\\Debug\\net5.0\\fine-code-coverage\\build-output\\DesignPatternsPlaygroundTest.dll","CodeFilePath":null,"LineNumber":0,"Properties":[]},"Attachments":[],"Outcome":2,"ErrorMessage":"System.ExecutionEngineException : Internal error in the runtime.","ErrorStackTrace":"   at DesignPatternsPlayground.ChainOfResponsability.Concrete.Specialist.HandleDiagnose(PatientLevel patient) in C:\\Users\\Apa\\source\\repos\\DesignPatternsPlayground\\DesignPatternsPlayground\\ChainOfResponsability\\Concrete\\Specialist.cs:line 16\r\n   at DesignPatternsPlayground.ChainOfResponsability.Concrete.Doctor.HandleDiagnose(PatientLevel patient) in C:\\Users\\Apa\\source\\repos\\DesignPatternsPlayground\\DesignPatternsPlayground\\ChainOfResponsability\\Concrete\\Doctor.cs:line 28\r\n   at DesignPatternsPlaygroundTest.ChainOfResponsabilityTest.ChainOfResponsability_PassLowPatient_ProcessPatientResident() in C:\\Users\\Apa\\source\\repos\\DesignPatternsPlayground\\DesignPatternsPlaygroundTest\\ChainOfResponsabilityTest.cs:line 20","DisplayName":"ChainOfResponsability_PassLowPatient_ProcessPatientResident","Messages":[{"Category":"StdOutMsgs","Text":"Patient Diagnosted by Resident\r\nPatient Diagnosted by Specialist\r\nPatient Diagnosted by Specialist\r\nPatient Diagnosted by Specialist\r\n"}],"ComputerName":"DESKTOP-QF13AGH","Duration":"00:00:00.0258760","StartTime":"2021-06-23T01:45:41+00:00","EndTime":"2021-06-23T01:45:41+00:00","Properties":[]},{"TestCase":{"Id":"0a6a6069-0e6a-1cb3-7444-5d81536f8be6","FullyQualifiedName":"DesignPatternsPlaygroundTest.CommandTest.TurnOnCommand","DisplayName":"TurnOnCommand","ExecutorUri":"executor://NUnit3TestExecutor","Source":"C:\\Users\\Apa\\source\\repos\\DesignPatternsPlayground\\DesignPatternsPlaygroundTest\\bin\\Debug\\net5.0\\fine-code-coverage\\build-output\\DesignPatternsPlaygroundTest.dll","CodeFilePath":null,"LineNumber":0,"Properties":[]},"Attachments":[],"Outcome":1,"ErrorMessage":null,"ErrorStackTrace":null,"DisplayName":"TurnOnCommand","Messages":[],"ComputerName":"DESKTOP-QF13AGH","Duration":"00:00:00.0012500","StartTime":"2021-06-23T01:45:41+00:00","EndTime":"2021-06-23T01:45:41+00:00","Properties":[]},{"TestCase":{"Id":"18a614d8-b58a-4443-d3fc-0e5b1cfe1915","FullyQualifiedName":"DesignPatternsPlaygroundTest.CompositeTest.Composite_Soldier_HierarchieTest","DisplayName":"Composite_Soldier_HierarchieTest","ExecutorUri":"executor://NUnit3TestExecutor","Source":"C:\\Users\\Apa\\source\\repos\\DesignPatternsPlayground\\DesignPatternsPlaygroundTest\\bin\\Debug\\net5.0\\fine-code-coverage\\build-output\\DesignPatternsPlaygroundTest.dll","CodeFilePath":null,"LineNumber":0,"Properties":[]},"Attachments":[],"Outcome":1,"ErrorMessage":null,"ErrorStackTrace":null,"DisplayName":"Composite_Soldier_HierarchieTest","Messages":[],"ComputerName":"DESKTOP-QF13AGH","Duration":"00:00:00.0015180","StartTime":"2021-06-23T01:45:41+00:00","EndTime":"2021-06-23T01:45:41+00:00","Properties":[]},{"TestCase":{"Id":"b6748ca5-e3d0-fe98-ceb9-dd7334aa9758","FullyQualifiedName":"DesignPatternsPlaygroundTest.DecoratorTest.Decorator_AddExtendedDecrotaro_ReturnsDecoratedProfile","DisplayName":"Decorator_AddExtendedDecrotaro_ReturnsDecoratedProfile","ExecutorUri":"executor://NUnit3TestExecutor","Source":"C:\\Users\\Apa\\source\\repos\\DesignPatternsPlayground\\DesignPatternsPlaygroundTest\\bin\\Debug\\net5.0\\fine-code-coverage\\build-output\\DesignPatternsPlaygroundTest.dll","CodeFilePath":null,"LineNumber":0,"Properties":[]},"Attachments":[],"Outcome":1,"ErrorMessage":null,"ErrorStackTrace":null,"DisplayName":"Decorator_AddExtendedDecrotaro_ReturnsDecoratedProfile","Messages":[],"ComputerName":"DESKTOP-QF13AGH","Duration":"00:00:00.0009070","StartTime":"2021-06-23T01:45:41+00:00","EndTime":"2021-06-23T01:45:41+00:00","Properties":[]},{"TestCase":{"Id":"195b6c1a-672e-91f3-2e73-ba6cce923e96","FullyQualifiedName":"DesignPatternsPlaygroundTest.FactoryMethodTest.ProgramFactoryIntegration_GetPercussionForm_ReturnsDrums","DisplayName":"ProgramFactoryIntegration_GetPercussionForm_ReturnsDrums","ExecutorUri":"executor://NUnit3TestExecutor","Source":"C:\\Users\\Apa\\source\\repos\\DesignPatternsPlayground\\DesignPatternsPlaygroundTest\\bin\\Debug\\net5.0\\fine-code-coverage\\build-output\\DesignPatternsPlaygroundTest.dll","CodeFilePath":null,"LineNumber":0,"Properties":[]},"Attachments":[],"Outcome":1,"ErrorMessage":null,"ErrorStackTrace":null,"DisplayName":"ProgramFactoryIntegration_GetPercussionForm_ReturnsDrums","Messages":[],"ComputerName":"DESKTOP-QF13AGH","Duration":"00:00:00.0053900","StartTime":"2021-06-23T01:45:41+00:00","EndTime":"2021-06-23T01:45:41+00:00","Properties":[]},{"TestCase":{"Id":"85083c4f-cd69-9ba8-63d7-460e2a39682d","FullyQualifiedName":"DesignPatternsPlaygroundTest.FactoryMethodTest.ProgramFactoryIntegration_GetPercussionFormWithInvalidType_ReturnsArgumentException","DisplayName":"ProgramFactoryIntegration_GetPercussionFormWithInvalidType_ReturnsArgumentException","ExecutorUri":"executor://NUnit3TestExecutor","Source":"C:\\Users\\Apa\\source\\repos\\DesignPatternsPlayground\\DesignPatternsPlaygroundTest\\bin\\Debug\\net5.0\\fine-code-coverage\\build-output\\DesignPatternsPlaygroundTest.dll","CodeFilePath":null,"LineNumber":0,"Properties":[]},"Attachments":[],"Outcome":1,"ErrorMessage":null,"ErrorStackTrace":null,"DisplayName":"ProgramFactoryIntegration_GetPercussionFormWithInvalidType_ReturnsArgumentException","Messages":[],"ComputerName":"DESKTOP-QF13AGH","Duration":"00:00:00.0112669","StartTime":"2021-06-23T01:45:41+00:00","EndTime":"2021-06-23T01:45:41+00:00","Properties":[]}],"TestRunStatistics":{"ExecutedTests":9,"Stats":{"Passed":8,"Failed":1}},"ActiveTests":[{"Id":"dbd6e32f-3a8e-0fca-6e2a-ef1c1fa93313","FullyQualifiedName":"DesignPatternsPlaygroundTest.MementoState.CarMemento","DisplayName":"CarMemento","ExecutorUri":"executor://NUnit3TestExecutor","Source":"C:\\Users\\Apa\\source\\repos\\DesignPatternsPlayground\\DesignPatternsPlaygroundTest\\bin\\Debug\\net5.0\\fine-code-coverage\\build-output\\DesignPatternsPlaygroundTest.dll","CodeFilePath":null,"LineNumber":0,"Properties":[]}]}}
TpTrace Verbose: 0 : 9488, 4, 2021/06/22, 22:45:42.020, 966104396075, vstest.console.dll, TestRunRequest:SendTestRunStatsChange: Starting.
TpTrace Verbose: 0 : 9488, 4, 2021/06/22, 22:45:42.020, 966104397524, vstest.console.dll, InProgress is CarMemento
TpTrace Information: 0 : 9488, 4, 2021/06/22, 22:45:42.021, 966104400211, vstest.console.dll, TestRunRequest:SendTestRunStatsChange: Completed.
TpTrace Verbose: 0 : 9488, 4, 2021/06/22, 22:45:42.021, 966104400963, vstest.console.dll, TcpClientExtensions.MessageLoopAsync: Polling on remoteEndPoint: 127.0.0.1:50790 localEndPoint: 127.0.0.1:50789
TpTrace Verbose: 0 : 9488, 4, 2021/06/22, 22:45:42.021, 966104401793, vstest.console.dll, TcpClientExtensions.MessageLoopAsync: NotifyDataAvailable remoteEndPoint: 127.0.0.1:50790 localEndPoint: 127.0.0.1:50789
TpTrace Verbose: 0 : 9488, 4, 2021/06/22, 22:45:42.021, 966104402799, vstest.console.dll, TestRequestSender.OnExecutionMessageReceived: Received message: {"Version":2,"MessageType":"TestSession.Message","Payload":{"MessageLevel":0,"Message":"NUnit Adapter 3.16.1.0: Test execution complete"}}
TpTrace Verbose: 0 : 9488, 4, 2021/06/22, 22:45:42.021, 966104404974, vstest.console.dll, TestRunRequest:SendTestRunMessage: Starting.
TpTrace Information: 0 : 9488, 4, 2021/06/22, 22:45:42.021, 966104405777, vstest.console.dll, TestRunRequest:SendTestRunMessage: Completed.
TpTrace Verbose: 0 : 9488, 4, 2021/06/22, 22:45:42.021, 966104406481, vstest.console.dll, TcpClientExtensions.MessageLoopAsync: Polling on remoteEndPoint: 127.0.0.1:50790 localEndPoint: 127.0.0.1:50789
TpTrace Verbose: 0 : 9488, 4, 2021/06/22, 22:45:42.044, 966104636243, vstest.console.dll, TcpClientExtensions.MessageLoopAsync: NotifyDataAvailable remoteEndPoint: 127.0.0.1:50790 localEndPoint: 127.0.0.1:50789
TpTrace Verbose: 0 : 9488, 4, 2021/06/22, 22:45:42.044, 966104638005, vstest.console.dll, TestRequestSender.OnExecutionMessageReceived: Received message: {"Version":2,"MessageType":"TestExecution.Completed","Payload":{"TestRunCompleteArgs":{"TestRunStatistics":{"ExecutedTests":14,"Stats":{"Passed":13,"Failed":1}},"IsCanceled":false,"IsAborted":false,"Error":null,"AttachmentSets":[],"ElapsedTimeInRunningTests":"00:00:00.4303708","Metrics":{}},"LastRunTests":{"NewTestResults":[{"TestCase":{"Id":"dbd6e32f-3a8e-0fca-6e2a-ef1c1fa93313","FullyQualifiedName":"DesignPatternsPlaygroundTest.MementoState.CarMemento","DisplayName":"CarMemento","ExecutorUri":"executor://NUnit3TestExecutor","Source":"C:\\Users\\Apa\\source\\repos\\DesignPatternsPlayground\\DesignPatternsPlaygroundTest\\bin\\Debug\\net5.0\\fine-code-coverage\\build-output\\DesignPatternsPlaygroundTest.dll","CodeFilePath":null,"LineNumber":0,"Properties":[]},"Attachments":[],"Outcome":1,"ErrorMessage":null,"ErrorStackTrace":null,"DisplayName":"CarMemento","Messages":[],"ComputerName":"DESKTOP-QF13AGH","Duration":"00:00:00.0018850","StartTime":"2021-06-23T01:45:41+00:00","EndTime":"2021-06-23T01:45:41+00:00","Properties":[]},{"TestCase":{"Id":"7c6ee3a0-57bf-b07a-ca30-c808e7c221ee","FullyQualifiedName":"DesignPatternsPlaygroundTest.PrototypeTest.Program","DisplayName":"Program","ExecutorUri":"executor://NUnit3TestExecutor","Source":"C:\\Users\\Apa\\source\\repos\\DesignPatternsPlayground\\DesignPatternsPlaygroundTest\\bin\\Debug\\net5.0\\fine-code-coverage\\build-output\\DesignPatternsPlaygroundTest.dll","CodeFilePath":null,"LineNumber":0,"Properties":[]},"Attachments":[],"Outcome":1,"ErrorMessage":null,"ErrorStackTrace":null,"DisplayName":"Program","Messages":[],"ComputerName":"DESKTOP-QF13AGH","Duration":"00:00:00.0001610","StartTime":"2021-06-23T01:45:41+00:00","EndTime":"2021-06-23T01:45:41+00:00","Properties":[]},{"TestCase":{"Id":"b97fa65d-aa4e-a79b-9d52-ecc5521c8829","FullyQualifiedName":"DesignPatternsPlaygroundTest.PrototypeTest.PrototypeIntegration_CloneRectangleAndChangeLenght_ReturnsCloneAndAllIsEqualExcelptLenght","DisplayName":"PrototypeIntegration_CloneRectangleAndChangeLenght_ReturnsCloneAndAllIsEqualExcelptLenght","ExecutorUri":"executor://NUnit3TestExecutor","Source":"C:\\Users\\Apa\\source\\repos\\DesignPatternsPlayground\\DesignPatternsPlaygroundTest\\bin\\Debug\\net5.0\\fine-code-coverage\\build-output\\DesignPatternsPlaygroundTest.dll","CodeFilePath":null,"LineNumber":0,"Properties":[]},"Attachments":[],"Outcome":1,"ErrorMessage":null,"ErrorStackTrace":null,"DisplayName":"PrototypeIntegration_CloneRectangleAndChangeLenght_ReturnsCloneAndAllIsEqualExcelptLenght","Messages":[],"ComputerName":"DESKTOP-QF13AGH","Duration":"00:00:00.0013490","StartTime":"2021-06-23T01:45:41+00:00","EndTime":"2021-06-23T01:45:41+00:00","Properties":[]},{"TestCase":{"Id":"f2fc25a6-d76c-d105-3a20-32bae7b646aa","FullyQualifiedName":"DesignPatternsPlaygroundTest.StateTest.State_ChangeStateToAandB_ReturnsPropperStrings","DisplayName":"State_ChangeStateToAandB_ReturnsPropperStrings","ExecutorUri":"executor://NUnit3TestExecutor","Source":"C:\\Users\\Apa\\source\\repos\\DesignPatternsPlayground\\DesignPatternsPlaygroundTest\\bin\\Debug\\net5.0\\fine-code-coverage\\build-output\\DesignPatternsPlaygroundTest.dll","CodeFilePath":null,"LineNumber":0,"Properties":[]},"Attachments":[],"Outcome":1,"ErrorMessage":null,"ErrorStackTrace":null,"DisplayName":"State_ChangeStateToAandB_ReturnsPropperStrings","Messages":[],"ComputerName":"DESKTOP-QF13AGH","Duration":"00:00:00.0016740","StartTime":"2021-06-23T01:45:41+00:00","EndTime":"2021-06-23T01:45:41+00:00","Properties":[]},{"TestCase":{"Id":"9a3c5ae2-b3f8-ca14-7093-4ef66409cd90","FullyQualifiedName":"DesignPatternsPlaygroundTest.StrategyTest.Strategy_WalkingAndDriving_ReturnMap","DisplayName":"Strategy_WalkingAndDriving_ReturnMap","ExecutorUri":"executor://NUnit3TestExecutor","Source":"C:\\Users\\Apa\\source\\repos\\DesignPatternsPlayground\\DesignPatternsPlaygroundTest\\bin\\Debug\\net5.0\\fine-code-coverage\\build-output\\DesignPatternsPlaygroundTest.dll","CodeFilePath":null,"LineNumber":0,"Properties":[]},"Attachments":[],"Outcome":1,"ErrorMessage":null,"ErrorStackTrace":null,"DisplayName":"Strategy_WalkingAndDriving_ReturnMap","Messages":[],"ComputerName":"DESKTOP-QF13AGH","Duration":"00:00:00.0010200","StartTime":"2021-06-23T01:45:41+00:00","EndTime":"2021-06-23T01:45:41+00:00","Properties":[]}],"TestRunStatistics":{"ExecutedTests":14,"Stats":{"Passed":13,"Failed":1}},"ActiveTests":[]},"RunAttachments":[],"ExecutorUris":["executor://nunit3testexecutor/"]}}
TpTrace Verbose: 0 : 9488, 4, 2021/06/22, 22:45:42.045, 966104641154, vstest.console.dll, TestRequestSender.EndSession: Sending end session.
TpTrace Verbose: 0 : 9488, 4, 2021/06/22, 22:45:42.045, 966104642683, vstest.console.dll, ProxyOperationManager.Close: waiting for test host to exit for 100 ms
TpTrace Warning: 0 : 9488, 12, 2021/06/22, 22:45:42.070, 966104895254, vstest.console.dll, TestHostManagerCallbacks.ErrorReceivedCallback Test host standard error line: 
TpTrace Verbose: 0 : 9488, 7, 2021/06/22, 22:45:42.076, 966104952512, vstest.console.dll, TestHostProvider.ExitCallBack: Host exited starting callback.
TpTrace Information: 0 : 9488, 7, 2021/06/22, 22:45:42.077, 966104959562, vstest.console.dll, TestHostManagerCallbacks.ExitCallBack: Testhost processId: 23520 exited with exitcode: 0 error: ''
TpTrace Verbose: 0 : 9488, 7, 2021/06/22, 22:45:42.077, 966104960112, vstest.console.dll, DotnetTestHostManager.OnHostExited: invoking OnHostExited callback
TpTrace Verbose: 0 : 9488, 7, 2021/06/22, 22:45:42.077, 966104961242, vstest.console.dll, CrossPlatEngine.TestHostManagerHostExited: calling on client process exit callback.
TpTrace Information: 0 : 9488, 7, 2021/06/22, 22:45:42.077, 966104962137, vstest.console.dll, TestRequestSender.OnClientProcessExit: Test host process exited. Standard error: 
TpTrace Warning: 0 : 9488, 4, 2021/06/22, 22:45:42.077, 966104962374, vstest.console.dll, ProxyOperationManager: Timed out waiting for test host to exit. Will terminate process.
TpTrace Information: 0 : 9488, 7, 2021/06/22, 22:45:42.077, 966104962687, vstest.console.dll, SocketServer.Stop: Stop server endPoint: 127.0.0.1:50789
TpTrace Information: 0 : 9488, 7, 2021/06/22, 22:45:42.077, 966104963835, vstest.console.dll, SocketServer.Stop: Cancellation requested. Stopping message loop.
TpTrace Verbose: 0 : 9488, 4, 2021/06/22, 22:45:42.078, 966104970326, vstest.console.dll, ProxyDataCollectionManager.InvokeDataCollectionServiceAction: Starting.
TpTrace Information: 0 : 9488, 4, 2021/06/22, 22:45:42.078, 966104970923, vstest.console.dll, ProxyDataCollectionManager.AfterTestRunEnd: Get attachment set for datacollector processId: 20756 port: 50786
TpTrace Verbose: 0 : 9488, 4, 2021/06/22, 22:45:42.078, 966104971573, vstest.console.dll, DataCollectionRequestSender.SendAfterTestRunStartAndGetResult : Send AfterTestRunEnd message with isCancelled: False
TpTrace Verbose: 0 : 9488, 4, 2021/06/22, 22:45:42.082, 966105014929, vstest.console.dll, DataCollectionRequestSender.SendAfterTestRunStartAndGetResult : Received message: (DataCollection.AfterTestRunEndResult) -> {
  "AttachmentSets": [],
  "Metrics": {}
}
TpTrace Information: 0 : 9488, 4, 2021/06/22, 22:45:42.084, 966105038066, vstest.console.dll, ProxyDataCollectionManager.InvokeDataCollectionServiceAction: Completed.
TpTrace Warning: 0 : 9488, 9, 2021/06/22, 22:45:42.089, 966105082659, vstest.console.dll, DataCollectionLauncher.ErrorReceivedCallback datacollector standard error line: 
TpTrace Information: 0 : 9488, 7, 2021/06/22, 22:45:42.094, 966105128426, vstest.console.dll, DataCollectionLauncher.ExitCallBack: Data collector exited with exitcode: 0 error: ''
TpTrace Verbose: 0 : 9488, 4, 2021/06/22, 22:45:42.107, 966105258612, vstest.console.dll, TestRunRequest:SendTestRunStatsChange: Starting.
TpTrace Information: 0 : 9488, 4, 2021/06/22, 22:45:42.107, 966105259942, vstest.console.dll, TestRunRequest:SendTestRunStatsChange: Completed.
TpTrace Verbose: 0 : 9488, 4, 2021/06/22, 22:45:42.107, 966105261676, vstest.console.dll, ParallelProxyExecutionManager: HandlePartialRunComplete: Total completed clients = 1, Run complete = True, Run canceled: False.
TpTrace Verbose: 0 : 9488, 4, 2021/06/22, 22:45:42.125, 966105439126, vstest.console.dll, TestRunRequest:TestRunComplete: Starting. IsAborted:False IsCanceled:False.
TpTrace Verbose: 0 : 9488, 4, 2021/06/22, 22:45:42.125, 966105441201, vstest.console.dll, TestLoggerManager.HandleTestRunComplete: Ignoring as the object is disposed.
TpTrace Information: 0 : 9488, 4, 2021/06/22, 22:45:42.125, 966105444046, vstest.console.dll, TestRunRequest:TestRunComplete: Completed.
TpTrace Verbose: 0 : 9488, 4, 2021/06/22, 22:45:42.125, 966105444592, vstest.console.dll, TestRequestSender.SetOperationComplete: Setting operation complete.
TpTrace Verbose: 0 : 9488, 1, 2021/06/22, 22:45:42.125, 966105444665, vstest.console.dll, TestRunRequest.Dispose: Starting.
TpTrace Information: 0 : 9488, 4, 2021/06/22, 22:45:42.125, 966105445093, vstest.console.dll, SocketServer.Stop: Stop server endPoint: 127.0.0.1:50789
TpTrace Information: 0 : 9488, 1, 2021/06/22, 22:45:42.125, 966105445776, vstest.console.dll, TestRunRequest.Dispose: Completed.
TpTrace Information: 0 : 9488, 4, 2021/06/22, 22:45:42.125, 966105446139, vstest.console.dll, SocketServer.Stop: Cancellation requested. Stopping message loop.
TpTrace Information: 0 : 9488, 1, 2021/06/22, 22:45:42.125, 966105446782, vstest.console.dll, TestRequestManager.RunTests: run tests completed.
TpTrace Information: 0 : 9488, 4, 2021/06/22, 22:45:42.125, 966105447241, vstest.console.dll, SocketServer.PrivateStop: Stop server endPoint: 127.0.0.1:50789 error: 
TpTrace Information: 0 : 9488, 1, 2021/06/22, 22:45:42.125, 966105448068, vstest.console.dll, RunTestsArgumentProcessor:Execute: Test run is completed.
TpTrace Verbose: 0 : 9488, 1, 2021/06/22, 22:45:42.126, 966105450035, vstest.console.dll, Executor.Execute: Exiting with exit code of 1
TpTrace Verbose: 0 : 9488, 4, 2021/06/22, 22:45:42.126, 966105453068, vstest.console.dll, LengthPrefixCommunicationChannel.Dispose: Dispose reader and writer.
TpTrace Information: 0 : 9488, 4, 2021/06/22, 22:45:42.126, 966105453901, vstest.console.dll, SocketServer.Stop: Raise disconnected event endPoint: 127.0.0.1:50789 error: 
TpTrace Verbose: 0 : 9488, 4, 2021/06/22, 22:45:42.126, 966105454559, vstest.console.dll, TestRequestSender: OnTestRunAbort: Operation is already complete. Skip error message.
TpTrace Verbose: 0 : 9488, 4, 2021/06/22, 22:45:42.126, 966105454968, vstest.console.dll, TcpClientExtensions.MessageLoopAsync: exiting MessageLoopAsync remoteEndPoint: 127.0.0.1:50790 localEndPoint: 127.0.0.1:50789
